<?xml version="1.0" encoding="UTF-8"?>
<!-- Generated by org.testng.reporters.JUnitReportReporter -->
<testsuite hostname="DESKTOP-5V0S707" failures="0" tests="1" name="mobileappsoperations.Clickmethod" time="16.364" errors="0" timestamp="2023-05-09T14:05:42 IST" skipped="0">
  <testcase classname="mobileappsoperations.Clickmethod" name="launcher" time="16.364"/>
  <system-out/>
</testsuite> <!-- mobileappsoperations.Clickmethod -->
